WEMO: 17:25:14 | remote.debug <ledLightRemoteHandler.c:CreateCapsProfilesXML:939> [0x2f7ae520:"RemoteWorkerThre"] CreateCapsProfilesXML: SD_GetCapabilityList = 5

WEMO: 17:25:14 | remote.debug <ledLightRemoteHandler.c:CreateCapsProfilesXML:1031> [0x2f7ae520:"RemoteWorkerThre"] CreateCapsProfilesXML: Capability nCount = 5

WEMO: 17:25:14 | remote.debug <ledLightRemoteHandler.c:RegisterCapabilityProfiles:1119> [0x2f7ae520:"RemoteWorkerThre"] RegisterCapabilityProfiles: URL = https://api.xbcs.net:8443/apis/http/device/capabilityprofiles

Cached MAC Address = B4:75:0E:1E:1D:84 
WEMO: 17:25:14 | remote.debug <ledLightRemoteHandler.c:SendHttpRequestWithAuth:739> [0x2f7ae520:"RemoteWorkerThre"] MAC Address of plug-in device is B4:75:0E:1E:1D:84

Cached MAC Address = B4:75:0E:1E:1D:84 
WEMO: 17:25:14 | remote.debug <ledLightRemoteHandler.c:SendHttpRequestWithAuth:741> [0x2f7ae520:"RemoteWorkerThre"] Serial Number of plug-in device is 231347B010015A

WEMO: 17:25:14 | remote.debug <ledLightRemoteHandler.c:SendHttpRequestWithAuth:743> [0x2f7ae520:"RemoteWorkerThre"] Key for plug-in device is 5f00da93-f913-460f-865b-59e0828feea2

WEMO: 17:25:14 | app.debug <logger.c:pluginLog:331> [0x2f7ae520:"RemoteWorkerThre"] wemoApp[1834:{RemoteWorkerThre}]:[2015-08-03][17:25:14.024739]<sigGen.c:createAuthSignature:111> [0x2f7ae520:"RemoteWorkerThre"] Expires before 1438597514

WEMO: 17:25:14 | app.debug <logger.c:pluginLog:331> [0x2f7ae520:"RemoteWorkerThre"] wemoApp[1834:{RemoteWorkerThre}]:[2015-08-03][17:25:14.025142]<sigGen.c:createAuthSignature:113> [0x2f7ae520:"RemoteWorkerThre"] Expires after 500 1438598014

WEMO: 17:25:14 | remote.debug <ledLightRemoteHandler.c:SendHttpRequestWithAuth:783> [0x2f7ae520:"RemoteWorkerThre"] --- inData --- 

WEMO: 17:25:14 | remote.debug <ledLightRemoteHandler.c:SendHttpRequestWithAuth:784> [0x2f7ae520:"RemoteWorkerThre"] inDataLength = 1042

WEMO: remote.debug <?xml version="1.0" encoding="utf-8"?><capabilityProfiles><capabilityProfile><capabilityType><type>ZoneCtl</type></capabilityTyp [ 1717992630 ]
WEMO: remote.debug e><capabilityId>10500</capabilityId><profileName>IASZone</profileName><specification>0</specification><dataType /><values>{0~429 [ 1717992630 ]
WEMO: remote.debug 4967295}</values></capabilityProfile><capabilityProfile><capabilityType><type /></capabilityType><capabilityId>20500</capability [ 1717992630 ]
WEMO: remote.debug Id><profileName>SensorConfig</profileName><specification>0</specification><dataType /><values>{0:Diable, 1:Enable}</values></cap [ 1717992630 ]
WEMO: remote.debug abilityProfile><capabilityProfile><capabilityType><type /></capabilityType><capabilityId>30501</capabilityId><profileName>Sensor [ 1717992630 ]
WEMO: remote.debug TestMode</profileName><specification>0</specification><dataType /><values>{1:Start Test mode}</values></capabilityProfile><capab [ 1717992630 ]
WEMO: remote.debug ilityProfile><capabilityType><type /></capabilityType><capabilityId>20502</capabilityId><profileName>SensorKeyPress</profileName [ 1717992630 ]
WEMO: remote.debug ><specification>0</specification><dataType /><values>{1:Key pressed short, 2: key pressed long}</values></capabilityProfile></ca [ 1717992630 ]
WEMO: remote.debug pabilityProfiles>

> POST /apis/http/device/capabilityprofiles HTTP/1.1

Host: api.xbcs.net:8443

Content-Type: application/xml

Accept: application/xml

Authorization: B4750E1E1D84:el2/u7LbWWxZQAA1ToDcwzHkYTU=:1438598014

X-Belkin-Client-Type-Id: WeMo_WW_2.00.9462.DVT-OWRT-Link:52f8-406e-a5a6-5c5a2254868c

Content-Length: 1042

Expect: 100-continue



< HTTP/1.1 100 Continue
< HTTP/1.1 206 Partial Content

< asyncServiceInvoke: false

< Content-Type: application/xml;charset=ISO-8859-1

< Date: Mon, 03 Aug 2015 10:25:25 GMT

< Server: Apache-Coyote/1.1

< X-Powered-By: Servlet/3.0; JBossAS-6

< Content-Length: 1506

< Connection: keep-alive

< 

WEMO: 17:25:26 | app.debug <logger.c:pluginLog:331> [0x2f7ae520:"RemoteWorkerThre"] wemoApp[1834:{RemoteWorkerThre}]:[2015-08-03][17:25:26.649242]<httpsWrapper.c:webAppSendData:2671> [0x2f7ae520:"RemoteWorkerThre"] HTTP Request URL https://api.xbcs.net:8443/apis/http/device/capabilityprofiles requested flag 1 disableFlag 1 httpsFlag 1 retVal 0 respCode 206

WEMO: 17:25:26 | remote.debug <ledLightRemoteHandler.c:SendHttpRequestWithAuth:823> [0x2f7ae520:"RemoteWorkerThre"] Length of HTTP Header = 278 

WEMO: 17:25:26 | remote.debug <ledLightRemoteHandler.c:SendHttpRequestWithAuth:824> [0x2f7ae520:"RemoteWorkerThre"] StatusCode of HTTP Response = 206 

WEMO: 17:25:26 | remote.debug <ledLightRemoteHandler.c:SendHttpRequestWithAuth:825> [0x2f7ae520:"RemoteWorkerThre"] Some response for HTTP request from cloud is received

WEMO: 17:25:26 | remote.debug <ledLightRemoteHandler.c:SendHttpRequestWithAuth:852> [0x2f7ae520:"RemoteWorkerThre"] Header retuned by server

WEMO: remote.debug HTTP/1.1 100 Continue

HTTP/1.1 206 Partial Content

asyncServiceInvoke: false

Content-Type: application/xml;charset=ISO-8859-1 [ 1717993892 ]
WEMO: remote.debug 

Date: Mon, 03 Aug 2015 10:25:25 GMT

Server: Apache-Coyote/1.1

X-Powered-By: Servlet/3.0; JBossAS-6

Content-Length: 1506

Co [ 1717993892 ]
WEMO: remote.debug nnection: keep-alive

 [ 1717993892 ]
WEMO: 17:25:26 | remote.debug <ledLightRemoteHandler.c:SendHttpRequestWithAuth:862> [0x2f7ae520:"RemoteWorkerThre"] Data retuned by server

WEMO: remote.debug <?xml version="1.0" encoding="UTF-8" standalone="yes"?><capabilityProfiles xmlns:modelns="http://datamodel.components.cs.belkin. [ 1717993892 ]
WEMO: remote.debug com/"><capabilityProfile><resultCode><code>ERR_INVALID_CAPABILITY_TYPE</code><description>Capability Profile type not valid</des [ 1717993892 ]
WEMO: remote.debug cription></resultCode><capabilityType><type>ZoneCtl</type></capabilityType><capabilityId>10500</capabilityId><profileName>IASZon [ 1717993892 ]
WEMO: remote.debug e</profileName><specification>0</specification><dataType>0</dataType></capabilityProfile><capabilityProfile><resultCode><code>ER [ 1717993892 ]
WEMO: remote.debug R_CAPABILITY_ID_ALREADY_EXIST</code><description>Capability Id already exists</description></resultCode><capabilityType><type></ [ 1717993892 ]
WEMO: remote.debug type></capabilityType><capabilityId>20500</capabilityId><profileName>SensorConfig</profileName><specification>0</specification>< [ 1717993892 ]
WEMO: remote.debug dataType>0</dataType></capabilityProfile><capabilityProfile><resultCode><code>ERR_CAPABILITY_ID_ALREADY_EXIST</code><description [ 1717993892 ]
WEMO: remote.debug >Capability Id already exists</description></resultCode><capabilityType><type></type></capabilityType><capabilityId>30501</capab [ 1717993892 ]
WEMO: remote.debug ilityId><profileName>SensorTestMode</profileName><specification>0</specification><dataType>0</dataType></capabilityProfile><capa [ 1717993892 ]
WEMO: remote.debug bilityProfile><resultCode><code>ERR_CAPABILITY_ID_ALREADY_EXIST</code><description>Capability Id already exists</description></r [ 1717993892 ]
WEMO: remote.debug esultCode><capabilityType><type></type></capabilityType><capabilityId>20502</capabilityId><profileName>SensorKeyPress</profileNa [ 1717993892 ]
WEMO: remote.debug me><specification>0</specification><dataType>0</dataType></capabilityProfile></capabilityProfiles> [ 1717993892 ]
